[2020-05-07 19:19:45.638824] [0x00007f23701e8740] [debug] [0x0000252a] [1] read_dict_from_file()  16 ms
[2020-05-07 19:19:45.641285] [0x00007f23701e8740] [debug] [0x0000252a] [2] read_from_text_file()  1 ms
[2020-05-07 19:19:45.641317] [0x00007f23701e8740] [debug] [0x0000252a] [3] read_from_text_file()  0 ms
[2020-05-07 19:19:45.652454] [0x00007f23701e8740] [debug] [0x0000252a] [4] init_hashes()  9 ms
[2020-05-07 19:19:46.590339] [0x00007f23701e8740] [debug] [0x0000252a] [5] correct_dict_hashes_and_extract_duplicates()  937 ms
[2020-05-07 19:19:46.690509] [0x00007f23701e8740] [debug] [0x0000252a] [6] init_hashes()  0 ms
[2020-05-07 19:19:46.690589] [0x00007f23701e8740] [debug] [0x0000252a] [7] init_hashes()  0 ms
[2020-05-07 19:19:46.690680] [0x00007f23701e8740] [debug] [0x0000252a] [8] init_hashes()  0 ms
[2020-05-07 19:19:46.690686] [0x00007f23701e8740] [debug] [0x0000252a] [9] init_hashes()  0 ms
[2020-05-07 19:19:46.755769] [0x00007f23701e8740] [debug] [0x0000252a] [10] init_random_matrices()  58 ms
[2020-05-07 19:19:48.313564] [0x00007f23701e8740] [debug] [0x0000252a] [11] hash_function()  1551 ms
[2020-05-07 19:19:55.625577] [0x00007f23701e8740] [debug] [0x0000252a] [12] search_and_calculate_matrices()  7311 ms
[2020-05-07 19:19:55.625737] [0x00007f23701e8740] [info] [0x0000252a] [13] image :: 31
[2020-05-07 19:19:55.625742] [0x00007f23701e8740] [info] [0x0000252a] [14] processing :: 16
[2020-05-07 19:19:55.625746] [0x00007f23701e8740] [info] [0x0000252a] [15] images :: 12
[2020-05-07 19:19:55.625749] [0x00007f23701e8740] [info] [0x0000252a] [16] digital :: 10
[2020-05-07 19:19:55.625753] [0x00007f23701e8740] [info] [0x0000252a] [17] computer :: 9
[2020-05-07 19:19:55.625756] [0x00007f23701e8740] [info] [0x0000252a] [18] vision :: 8
[2020-05-07 19:19:55.625759] [0x00007f23701e8740] [info] [0x0000252a] [19] analysis :: 6
[2020-05-07 19:19:55.625762] [0x00007f23701e8740] [info] [0x0000252a] [20] area :: 5
[2020-05-07 19:19:55.625765] [0x00007f23701e8740] [info] [0x0000252a] [21] human :: 4
[2020-05-07 19:19:55.625768] [0x00007f23701e8740] [info] [0x0000252a] [22] areas :: 3
[2020-05-07 19:19:55.625771] [0x00007f23701e8740] [info] [0x0000252a] [23] artificial :: 2
[2020-05-07 19:19:55.625774] [0x00007f23701e8740] [info] [0x0000252a] [24] 2 :: 1
[2020-05-07 19:19:55.625783] [0x00007f23701e8740] [info] [0x0000252a] [25] Dictionary size = 466673
[2020-05-07 19:19:55.625789] [0x00007f23701e8740] [debug] [0x0000252a] [26] Duplicates count = 0
[2020-05-07 19:19:55.625792] [0x00007f23701e8740] [info] [0x0000252a] [27] Stop words count = 101
[2020-05-07 19:19:55.625795] [0x00007f23701e8740] [info] [0x0000252a] [28] Input words count = 816
[2020-05-07 19:19:55.625798] [0x00007f23701e8740] [info] [0x0000252a] [29] The result is = 1111111111111111111111111111111111111111111111111111111111111111111111111111111111111111111111111111
[2020-05-07 19:19:55.625806] [0x00007f23701e8740] [debug] [0x0000252a] [30] Elapsed time in milliseconds : 10010 ms
