\BOOKMARK [0][-]{chapter.1}{\376\377\0001\000\040\000F\000i\000l\000e\000\040\000I\000n\000d\000e\000x}{}% 1
\BOOKMARK [1][-]{section.1.1}{\376\377\0001\000.\0001\000\040\000F\000i\000l\000e\000\040\000L\000i\000s\000t}{chapter.1}% 2
\BOOKMARK [0][-]{chapter.2}{\376\377\0002\000\040\000F\000i\000l\000e\000\040\000D\000o\000c\000u\000m\000e\000n\000t\000a\000t\000i\000o\000n}{}% 3
\BOOKMARK [1][-]{section.2.1}{\376\377\0002\000.\0001\000\040\000s\000r\000c\000/\000f\000u\000n\000c\000t\000i\000o\000n\000s\000.\000c\000p\000p\000\040\000F\000i\000l\000e\000\040\000R\000e\000f\000e\000r\000e\000n\000c\000e}{chapter.2}% 4
\BOOKMARK [1][-]{section.2.2}{\376\377\0002\000.\0002\000\040\000s\000r\000c\000/\000f\000u\000n\000c\000t\000i\000o\000n\000s\000.\000h\000p\000p\000\040\000F\000i\000l\000e\000\040\000R\000e\000f\000e\000r\000e\000n\000c\000e}{chapter.2}% 5
\BOOKMARK [2][-]{subsection.2.2.1}{\376\377\0002\000.\0002\000.\0001\000\040\000F\000u\000n\000c\000t\000i\000o\000n\000\040\000D\000o\000c\000u\000m\000e\000n\000t\000a\000t\000i\000o\000n}{section.2.2}% 6
\BOOKMARK [3][-]{subsubsection.2.2.1.1}{\376\377\0002\000.\0002\000.\0001\000.\0001\000\040\000c\000o\000n\000t\000a\000i\000n\000s\000\137\000d\000u\000p\000l\000i\000c\000a\000t\000e\000s\000\050\000\051}{subsection.2.2.1}% 7
\BOOKMARK [3][-]{subsubsection.2.2.1.2}{\376\377\0002\000.\0002\000.\0001\000.\0002\000\040\000c\000o\000n\000t\000a\000i\000n\000s\000\137\000d\000u\000p\000l\000i\000c\000a\000t\000e\000s\000\137\000h\000\050\000\051}{subsection.2.2.1}% 8
\BOOKMARK [3][-]{subsubsection.2.2.1.3}{\376\377\0002\000.\0002\000.\0001\000.\0003\000\040\000c\000o\000r\000r\000e\000c\000t\000\137\000d\000i\000c\000t\000\137\000h\000a\000s\000h\000e\000s\000\137\000a\000n\000d\000\137\000e\000x\000t\000r\000a\000c\000t\000\137\000d\000u\000p\000l\000i\000c\000a\000t\000e\000s\000\050\000\051}{subsection.2.2.1}% 9
\BOOKMARK [3][-]{subsubsection.2.2.1.4}{\376\377\0002\000.\0002\000.\0001\000.\0004\000\040\000c\000o\000r\000r\000e\000c\000t\000\137\000t\000e\000x\000t\000\137\000h\000a\000s\000h\000e\000s\000\050\000\051}{subsection.2.2.1}% 10
\BOOKMARK [3][-]{subsubsection.2.2.1.5}{\376\377\0002\000.\0002\000.\0001\000.\0005\000\040\000e\000x\000t\000r\000a\000c\000t\000\137\000w\000o\000r\000d\000s\000\137\000c\000o\000u\000n\000t\000\050\000\051}{subsection.2.2.1}% 11
\BOOKMARK [3][-]{subsubsection.2.2.1.6}{\376\377\0002\000.\0002\000.\0001\000.\0006\000\040\000h\000a\000s\000h\000\137\000f\000u\000n\000c\000t\000i\000o\000n\000\050\000\051}{subsection.2.2.1}% 12
\BOOKMARK [3][-]{subsubsection.2.2.1.7}{\376\377\0002\000.\0002\000.\0001\000.\0007\000\040\000i\000n\000i\000t\000\137\000h\000a\000s\000h\000e\000s\000\050\000\051}{subsection.2.2.1}% 13
\BOOKMARK [3][-]{subsubsection.2.2.1.8}{\376\377\0002\000.\0002\000.\0001\000.\0008\000\040\000i\000n\000i\000t\000\137\000l\000o\000g\000g\000i\000n\000g\000\050\000\051}{subsection.2.2.1}% 14
\BOOKMARK [3][-]{subsubsection.2.2.1.9}{\376\377\0002\000.\0002\000.\0001\000.\0009\000\040\000i\000n\000i\000t\000\137\000r\000a\000n\000d\000o\000m\000\137\000m\000a\000t\000r\000i\000c\000e\000s\000\050\000\051\000\040\000[\0001\000/\0002\000]}{subsection.2.2.1}% 15
\BOOKMARK [3][-]{subsubsection.2.2.1.10}{\376\377\0002\000.\0002\000.\0001\000.\0001\0000\000\040\000i\000n\000i\000t\000\137\000r\000a\000n\000d\000o\000m\000\137\000m\000a\000t\000r\000i\000c\000e\000s\000\050\000\051\000\040\000[\0002\000/\0002\000]}{subsection.2.2.1}% 16
\BOOKMARK [3][-]{subsubsection.2.2.1.11}{\376\377\0002\000.\0002\000.\0001\000.\0001\0001\000\040\000p\000r\000i\000n\000t\000\137\000b\000i\000t\000s\000e\000t\000\050\000\051}{subsection.2.2.1}% 17
\BOOKMARK [3][-]{subsubsection.2.2.1.12}{\376\377\0002\000.\0002\000.\0001\000.\0001\0002\000\040\000p\000r\000i\000n\000t\000\137\000b\000i\000t\000s\000e\000t\000\137\000v\000e\000c\000t\000o\000r\000\050\000\051}{subsection.2.2.1}% 18
\BOOKMARK [3][-]{subsubsection.2.2.1.13}{\376\377\0002\000.\0002\000.\0001\000.\0001\0003\000\040\000p\000r\000i\000n\000t\000\137\000d\000u\000p\000l\000i\000c\000a\000t\000e\000s\000\050\000\051}{subsection.2.2.1}% 19
\BOOKMARK [3][-]{subsubsection.2.2.1.14}{\376\377\0002\000.\0002\000.\0001\000.\0001\0004\000\040\000p\000r\000i\000n\000t\000\137\000h\000a\000s\000h\000\137\000t\000a\000b\000l\000e\000\050\000\051}{subsection.2.2.1}% 20
\BOOKMARK [3][-]{subsubsection.2.2.1.15}{\376\377\0002\000.\0002\000.\0001\000.\0001\0005\000\040\000p\000r\000i\000n\000t\000\137\000m\000a\000t\000r\000i\000x\000\050\000\051}{subsection.2.2.1}% 21
\BOOKMARK [3][-]{subsubsection.2.2.1.16}{\376\377\0002\000.\0002\000.\0001\000.\0001\0006\000\040\000p\000r\000i\000n\000t\000\137\000v\000e\000c\000t\000o\000r\000\050\000\051}{subsection.2.2.1}% 22
\BOOKMARK [3][-]{subsubsection.2.2.1.17}{\376\377\0002\000.\0002\000.\0001\000.\0001\0007\000\040\000p\000r\000i\000n\000t\000\137\000w\000o\000r\000d\000s\000\050\000\051}{subsection.2.2.1}% 23
\BOOKMARK [3][-]{subsubsection.2.2.1.18}{\376\377\0002\000.\0002\000.\0001\000.\0001\0008\000\040\000r\000e\000a\000d\000\137\000d\000i\000c\000t\000\137\000f\000r\000o\000m\000\137\000f\000i\000l\000e\000\050\000\051}{subsection.2.2.1}% 24
\BOOKMARK [3][-]{subsubsection.2.2.1.19}{\376\377\0002\000.\0002\000.\0001\000.\0001\0009\000\040\000r\000e\000a\000d\000\137\000t\000e\000x\000t\000\137\000f\000r\000o\000m\000\137\000f\000i\000l\000e\000\050\000\051}{subsection.2.2.1}% 25
\BOOKMARK [3][-]{subsubsection.2.2.1.20}{\376\377\0002\000.\0002\000.\0001\000.\0002\0000\000\040\000s\000e\000a\000r\000c\000h\000\137\000a\000n\000d\000\137\000c\000a\000l\000c\000u\000l\000a\000t\000e\000\137\000m\000a\000t\000r\000i\000c\000e\000s\000\050\000\051}{subsection.2.2.1}% 26
\BOOKMARK [3][-]{subsubsection.2.2.1.21}{\376\377\0002\000.\0002\000.\0001\000.\0002\0001\000\040\000w\000r\000i\000t\000e\000\137\000i\000n\000\137\000f\000i\000l\000e\000\050\000\051}{subsection.2.2.1}% 27
\BOOKMARK [1][-]{section.2.3}{\376\377\0002\000.\0003\000\040\000s\000r\000c\000/\000m\000a\000i\000n\000.\000c\000p\000p\000\040\000F\000i\000l\000e\000\040\000R\000e\000f\000e\000r\000e\000n\000c\000e}{chapter.2}% 28
\BOOKMARK [2][-]{subsection.2.3.1}{\376\377\0002\000.\0003\000.\0001\000\040\000M\000a\000c\000r\000o\000\040\000D\000e\000f\000i\000n\000i\000t\000i\000o\000n\000\040\000D\000o\000c\000u\000m\000e\000n\000t\000a\000t\000i\000o\000n}{section.2.3}% 29
\BOOKMARK [3][-]{subsubsection.2.3.1.1}{\376\377\0002\000.\0003\000.\0001\000.\0001\000\040\000m\000a\000t\000r\000i\000x\000\137\000s\000i\000z\000e}{subsection.2.3.1}% 30
\BOOKMARK [3][-]{subsubsection.2.3.1.2}{\376\377\0002\000.\0003\000.\0001\000.\0002\000\040\000m\000a\000x\000\137\000d\000i\000c\000t\000\137\000s\000i\000z\000e}{subsection.2.3.1}% 31
\BOOKMARK [3][-]{subsubsection.2.3.1.3}{\376\377\0002\000.\0003\000.\0001\000.\0003\000\040\000m\000a\000x\000\137\000s\000t\000o\000p\000\137\000w\000o\000r\000d\000s\000\137\000s\000i\000z\000e}{subsection.2.3.1}% 32
\BOOKMARK [3][-]{subsubsection.2.3.1.4}{\376\377\0002\000.\0003\000.\0001\000.\0004\000\040\000m\000a\000x\000\137\000t\000e\000r\000m\000\137\000s\000i\000z\000e}{subsection.2.3.1}% 33
\BOOKMARK [2][-]{subsection.2.3.2}{\376\377\0002\000.\0003\000.\0002\000\040\000F\000u\000n\000c\000t\000i\000o\000n\000\040\000D\000o\000c\000u\000m\000e\000n\000t\000a\000t\000i\000o\000n}{section.2.3}% 34
\BOOKMARK [3][-]{subsubsection.2.3.2.1}{\376\377\0002\000.\0003\000.\0002\000.\0001\000\040\000m\000a\000i\000n\000\050\000\051}{subsection.2.3.2}% 35
\BOOKMARK [1][-]{section.2.4}{\376\377\0002\000.\0004\000\040\000s\000r\000c\000/\000u\000n\000i\000t\000\137\000t\000e\000s\000t\000s\000.\000c\000p\000p\000\040\000F\000i\000l\000e\000\040\000R\000e\000f\000e\000r\000e\000n\000c\000e}{chapter.2}% 36
\BOOKMARK [2][-]{subsection.2.4.1}{\376\377\0002\000.\0004\000.\0001\000\040\000M\000a\000c\000r\000o\000\040\000D\000e\000f\000i\000n\000i\000t\000i\000o\000n\000\040\000D\000o\000c\000u\000m\000e\000n\000t\000a\000t\000i\000o\000n}{section.2.4}% 37
\BOOKMARK [3][-]{subsubsection.2.4.1.1}{\376\377\0002\000.\0004\000.\0001\000.\0001\000\040\000B\000O\000O\000S\000T\000\137\000T\000E\000S\000T\000\137\000M\000O\000D\000U\000L\000E}{subsection.2.4.1}% 38
\BOOKMARK [3][-]{subsubsection.2.4.1.2}{\376\377\0002\000.\0004\000.\0001\000.\0002\000\040\000m\000a\000t\000r\000i\000x\000\137\000s\000i\000z\000e}{subsection.2.4.1}% 39
\BOOKMARK [3][-]{subsubsection.2.4.1.3}{\376\377\0002\000.\0004\000.\0001\000.\0003\000\040\000m\000a\000x\000\137\000d\000i\000c\000t\000\137\000s\000i\000z\000e}{subsection.2.4.1}% 40
\BOOKMARK [3][-]{subsubsection.2.4.1.4}{\376\377\0002\000.\0004\000.\0001\000.\0004\000\040\000m\000a\000x\000\137\000s\000t\000o\000p\000\137\000w\000o\000r\000d\000s\000\137\000s\000i\000z\000e}{subsection.2.4.1}% 41
\BOOKMARK [3][-]{subsubsection.2.4.1.5}{\376\377\0002\000.\0004\000.\0001\000.\0005\000\040\000m\000a\000x\000\137\000t\000e\000r\000m\000\137\000s\000i\000z\000e}{subsection.2.4.1}% 42
\BOOKMARK [2][-]{subsection.2.4.2}{\376\377\0002\000.\0004\000.\0002\000\040\000F\000u\000n\000c\000t\000i\000o\000n\000\040\000D\000o\000c\000u\000m\000e\000n\000t\000a\000t\000i\000o\000n}{section.2.4}% 43
\BOOKMARK [3][-]{subsubsection.2.4.2.1}{\376\377\0002\000.\0004\000.\0002\000.\0001\000\040\000B\000O\000O\000S\000T\000\137\000A\000U\000T\000O\000\137\000T\000E\000S\000T\000\137\000C\000A\000S\000E\000\050\000\051\000\040\000[\0001\000/\0007\000]}{subsection.2.4.2}% 44
\BOOKMARK [3][-]{subsubsection.2.4.2.2}{\376\377\0002\000.\0004\000.\0002\000.\0002\000\040\000B\000O\000O\000S\000T\000\137\000A\000U\000T\000O\000\137\000T\000E\000S\000T\000\137\000C\000A\000S\000E\000\050\000\051\000\040\000[\0002\000/\0007\000]}{subsection.2.4.2}% 45
\BOOKMARK [3][-]{subsubsection.2.4.2.3}{\376\377\0002\000.\0004\000.\0002\000.\0003\000\040\000B\000O\000O\000S\000T\000\137\000A\000U\000T\000O\000\137\000T\000E\000S\000T\000\137\000C\000A\000S\000E\000\050\000\051\000\040\000[\0003\000/\0007\000]}{subsection.2.4.2}% 46
\BOOKMARK [3][-]{subsubsection.2.4.2.4}{\376\377\0002\000.\0004\000.\0002\000.\0004\000\040\000B\000O\000O\000S\000T\000\137\000A\000U\000T\000O\000\137\000T\000E\000S\000T\000\137\000C\000A\000S\000E\000\050\000\051\000\040\000[\0004\000/\0007\000]}{subsection.2.4.2}% 47
\BOOKMARK [3][-]{subsubsection.2.4.2.5}{\376\377\0002\000.\0004\000.\0002\000.\0005\000\040\000B\000O\000O\000S\000T\000\137\000A\000U\000T\000O\000\137\000T\000E\000S\000T\000\137\000C\000A\000S\000E\000\050\000\051\000\040\000[\0005\000/\0007\000]}{subsection.2.4.2}% 48
\BOOKMARK [3][-]{subsubsection.2.4.2.6}{\376\377\0002\000.\0004\000.\0002\000.\0006\000\040\000B\000O\000O\000S\000T\000\137\000A\000U\000T\000O\000\137\000T\000E\000S\000T\000\137\000C\000A\000S\000E\000\050\000\051\000\040\000[\0006\000/\0007\000]}{subsection.2.4.2}% 49
\BOOKMARK [3][-]{subsubsection.2.4.2.7}{\376\377\0002\000.\0004\000.\0002\000.\0007\000\040\000B\000O\000O\000S\000T\000\137\000A\000U\000T\000O\000\137\000T\000E\000S\000T\000\137\000C\000A\000S\000E\000\050\000\051\000\040\000[\0007\000/\0007\000]}{subsection.2.4.2}% 50
\BOOKMARK [3][-]{subsubsection.2.4.2.8}{\376\377\0002\000.\0004\000.\0002\000.\0008\000\040\000d\000i\000c\000t\000\137\000h\000a\000s\000h\000e\000s\000\050\000\051}{subsection.2.4.2}% 51
\BOOKMARK [3][-]{subsubsection.2.4.2.9}{\376\377\0002\000.\0004\000.\0002\000.\0009\000\040\000d\000i\000c\000t\000i\000o\000n\000a\000r\000y\000\050\000\051}{subsection.2.4.2}% 52
\BOOKMARK [3][-]{subsubsection.2.4.2.10}{\376\377\0002\000.\0004\000.\0002\000.\0001\0000\000\040\000h\000a\000s\000h\000\137\000t\000a\000b\000l\000e\000\050\000\051}{subsection.2.4.2}% 53
\BOOKMARK [3][-]{subsubsection.2.4.2.11}{\376\377\0002\000.\0004\000.\0002\000.\0001\0001\000\040\000m\000a\000t\000r\000i\000c\000e\000s\000\050\000\051}{subsection.2.4.2}% 54
\BOOKMARK [3][-]{subsubsection.2.4.2.12}{\376\377\0002\000.\0004\000.\0002\000.\0001\0002\000\040\000o\000u\000t\000p\000u\000t\000\050\000\051}{subsection.2.4.2}% 55
\BOOKMARK [3][-]{subsubsection.2.4.2.13}{\376\377\0002\000.\0004\000.\0002\000.\0001\0003\000\040\000s\000t\000o\000p\000\137\000w\000o\000r\000d\000s\000\050\000\051}{subsection.2.4.2}% 56
\BOOKMARK [3][-]{subsubsection.2.4.2.14}{\376\377\0002\000.\0004\000.\0002\000.\0001\0004\000\040\000s\000t\000o\000p\000\137\000w\000o\000r\000d\000s\000\137\000h\000a\000s\000h\000e\000s\000\050\000\051}{subsection.2.4.2}% 57
\BOOKMARK [3][-]{subsubsection.2.4.2.15}{\376\377\0002\000.\0004\000.\0002\000.\0001\0005\000\040\000t\000e\000x\000t\000\050\000\051}{subsection.2.4.2}% 58
\BOOKMARK [3][-]{subsubsection.2.4.2.16}{\376\377\0002\000.\0004\000.\0002\000.\0001\0006\000\040\000t\000e\000x\000t\000\137\000d\000o\000u\000b\000l\000e\000\137\000t\000e\000r\000m\000\137\000h\000a\000s\000h\000e\000s\000\050\000\051}{subsection.2.4.2}% 59
\BOOKMARK [3][-]{subsubsection.2.4.2.17}{\376\377\0002\000.\0004\000.\0002\000.\0001\0007\000\040\000t\000e\000x\000t\000\137\000s\000i\000n\000g\000l\000e\000\137\000t\000e\000r\000m\000\137\000h\000a\000s\000h\000e\000s\000\050\000\051}{subsection.2.4.2}% 60
\BOOKMARK [3][-]{subsubsection.2.4.2.18}{\376\377\0002\000.\0004\000.\0002\000.\0001\0008\000\040\000t\000e\000x\000t\000\137\000t\000r\000i\000p\000l\000e\000\137\000t\000e\000r\000m\000\137\000h\000a\000s\000h\000e\000s\000\050\000\051}{subsection.2.4.2}% 61
\BOOKMARK [2][-]{subsection.2.4.3}{\376\377\0002\000.\0004\000.\0003\000\040\000V\000a\000r\000i\000a\000b\000l\000e\000\040\000D\000o\000c\000u\000m\000e\000n\000t\000a\000t\000i\000o\000n}{section.2.4}% 62
\BOOKMARK [3][-]{subsubsection.2.4.3.1}{\376\377\0002\000.\0004\000.\0003\000.\0001\000\040\000d\000i\000c\000t\000\137\000s\000i\000z\000e}{subsection.2.4.3}% 63
\BOOKMARK [3][-]{subsubsection.2.4.3.2}{\376\377\0002\000.\0004\000.\0003\000.\0002\000\040\000d\000i\000c\000t\000i\000o\000n\000a\000r\000y\000\137\000f\000i\000l\000e\000n\000a\000m\000e}{subsection.2.4.3}% 64
\BOOKMARK [3][-]{subsubsection.2.4.3.3}{\376\377\0002\000.\0004\000.\0003\000.\0003\000\040\000d\000u\000p\000l\000i\000c\000a\000t\000e\000s}{subsection.2.4.3}% 65
\BOOKMARK [3][-]{subsubsection.2.4.3.4}{\376\377\0002\000.\0004\000.\0003\000.\0004\000\040\000d\000u\000p\000l\000i\000c\000a\000t\000e\000s\000\137\000s\000i\000z\000e}{subsection.2.4.3}% 66
\BOOKMARK [3][-]{subsubsection.2.4.3.5}{\376\377\0002\000.\0004\000.\0003\000.\0005\000\040\000h\000a\000s\000h\000e\000r}{subsection.2.4.3}% 67
\BOOKMARK [3][-]{subsubsection.2.4.3.6}{\376\377\0002\000.\0004\000.\0003\000.\0006\000\040\000s\000t\000o\000p\000\137\000w\000o\000r\000d\000s\000\137\000f\000i\000l\000e\000n\000a\000m\000e}{subsection.2.4.3}% 68
\BOOKMARK [3][-]{subsubsection.2.4.3.7}{\376\377\0002\000.\0004\000.\0003\000.\0007\000\040\000s\000t\000o\000p\000\137\000w\000o\000r\000d\000s\000\137\000s\000i\000z\000e}{subsection.2.4.3}% 69
\BOOKMARK [3][-]{subsubsection.2.4.3.8}{\376\377\0002\000.\0004\000.\0003\000.\0008\000\040\000t\000e\000x\000t\000\137\000f\000i\000l\000e\000n\000a\000m\000e}{subsection.2.4.3}% 70
\BOOKMARK [3][-]{subsubsection.2.4.3.9}{\376\377\0002\000.\0004\000.\0003\000.\0009\000\040\000t\000e\000x\000t\000\137\000s\000i\000z\000e}{subsection.2.4.3}% 71
\BOOKMARK [3][-]{subsubsection.2.4.3.10}{\376\377\0002\000.\0004\000.\0003\000.\0001\0000\000\040\000w\000o\000r\000d\000s\000\137\000c\000o\000u\000n\000t}{subsection.2.4.3}% 72
\BOOKMARK [0][-]{section*.8}{\376\377\000I\000n\000d\000e\000x}{}% 73
